82,001,10
82,001,9
8,001,27,System started
8,001,29,Abnormal shutdown detected
12,001,10
12,001,9
12,001,32,Switched power on
8,001,27,System started
8,001,29,Abnormal shutdown detected
12,001,32,Switched power on
16,001,10
8,001,27,System started
8,001,29,Abnormal shutdown detected
12,001,32,Switched power on
15,001,30,11
199,001,30,11
8,001,27,System started
8,001,29,Abnormal shutdown detected
12,001,32,Switched power on
15,001,30,11
8,001,27,System started
8,001,29,Abnormal shutdown detected
12,001,32,Switched power on
16,001,30,11
8,001,27,System started
8,001,29,Abnormal shutdown detected
12,001,32,Switched power on
15,001,30,11
8,001,27,System started
8,001,29,Abnormal shutdown detected
12,001,32,Switched power on
16,001,11,11
16,001,10
140659,001,11,2
363661,001,11,2
629291,001,11,4
629885,001,11,4
1011575,001,20
1026228,001,20
1051571,001,11,4
1183190,001,11,4
1533026,001,20
1570793,001,11,4
1918560,001,20
1923887,001,20
2033853,001,20
2037838,001,20
2571376,001,11,4
2572155,001,20
2653710,001,20
2830471,001,11,2
2830471,001,11,4
2913499,001,11,4
3022929,001,20
3167716,001,11,4
3427146,001,20
3911438,001,20
3915596,001,20
4088120,001,11,2
4088122,001,11,4
4088123,001,10
4260689,001,11,4
4679382,001,11,4
4748656,001,11,2
4792732,001,20
4866180,001,20
4902577,001,11,2
4926723,001,11,4
4930101,001,11,2
4932617,001,11,2
4947138,001,11,4
4947612,001,11,4
4947863,001,11,4
4948229,001,11,4
4948403,001,11,2
4948491,001,11,2
4948738,001,11,4
4948873,001,11,4
4948953,001,11,2
4955283,001,11,2
4955286,001,10
4958562,001,20
4982501,001,11,2
4982504,001,10
4983177,001,11,2
4983180,001,10
4983379,001,11,2
4983382,001,10
4983882,001,11,2
4983885,001,10
4983971,001,11,2
4983974,001,10
4984092,001,11,2
4984095,001,10
4984631,001,11,2
4984634,001,10
4984771,001,11,2
4984774,001,10
4984818,001,11,2
4984820,001,10
4984886,001,11,2
4984889,001,10
4985343,001,11,2
4985346,001,10
4990760,001,11,2
4990763,001,10
4990811,001,11,2
4990814,001,10
4992011,001,11,2
4992014,001,10
4993080,001,11,2
4993083,001,10
4995754,001,11,2
4995757,001,10
4998180,001,11,2
4998183,001,10
5000411,001,11,2
5000414,001,10
5000913,001,26,Diag Log saved
